*INFO* 	v1.7.2.2	2017/12/11 - 15:24:21: Form data generation for cart #11 with standard sub-module.
*INFO* 	v1.7.2.2	2017/12/11 - 15:24:21: Data to be sent to payment platform : Array
(
    [signature] => 93fb5f06841d38bb652cc7b5ca58cd06825d15ad
    [vads_action_mode] => INTERACTIVE
    [vads_amount] => 3395
    [vads_available_languages] => fr
    [vads_capture_delay] => 
    [vads_contrib] => PrestaShop1.5-1.7_1.8.2/1.7.2.2/7.0.23
    [vads_ctx_mode] => TEST
    [vads_currency] => 978
    [vads_cust_address] => 39 rue des cosaques
    [vads_cust_cell_phone] => 
    [vads_cust_city] => DAMPARIS
    [vads_cust_country] => FR
    [vads_cust_email] => seguinvincent@free.fr
    [vads_cust_first_name] => vincent
    [vads_cust_id] => 3
    [vads_cust_last_name] => seguin
    [vads_cust_legal_name] => WOOPLEE
    [vads_cust_phone] => 
    [vads_cust_title] => M
    [vads_cust_zip] => 39500
    [vads_insurance_amount] => 0
    [vads_language] => fr
    [vads_nb_products] => 1
    [vads_order_id] => 11
    [vads_order_info] => Paiement par carte bancaire
    [vads_page_action] => PAYMENT
    [vads_payment_cards] => 
    [vads_payment_config] => SINGLE
    [vads_return_mode] => GET
    [vads_ship_to_city] => DAMPARIS
    [vads_ship_to_country] => FR
    [vads_ship_to_first_name] => vincent
    [vads_ship_to_last_name] => seguin
    [vads_ship_to_legal_name] => WOOPLEE
    [vads_ship_to_phone_num] => 
    [vads_ship_to_street] => 39 rue des cosaques
    [vads_ship_to_street2] => 
    [vads_ship_to_zip] => 39500
    [vads_shipping_amount] => 595
    [vads_shop_name] => Rhum Délis
    [vads_shop_url] => http://rhumdelis.com
    [vads_site_id] => 88908503
    [vads_tax_amount] => 467
    [vads_theme_config] => 
    [vads_trans_date] => 20171211142421
    [vads_trans_id] => 554611
    [vads_url_return] => http://rhumdelis.com/developpement/module/systempay/submit
    [vads_validation_mode] => 
    [vads_version] => V2
    [vads_product_label0] => Rhum arrangé Menthe basilic
    [vads_product_amount0] => 2333
    [vads_product_qty0] => 1
    [vads_product_ref0] => 18
    [vads_product_type0] => FOOD_AND_GROCERY
)

*INFO* 	v1.7.2.2	2017/12/11 - 15:24:43: User return to shop process starts for cart #11.
*WARNING* 	v1.7.2.2	2017/12/11 - 15:24:43: Payment for cart #11 has been processed by client return ! This means the IPN URL did not work.
*INFO* 	v1.7.2.2	2017/12/11 - 15:24:43: Payment accepted for cart #11. New order status is 2.
*INFO* 	v1.7.2.2	2017/12/11 - 15:24:43: Create order for cart #11.
*INFO* 	v1.7.2.2	2017/12/11 - 15:24:45: Order #7 created successfully for cart #11.
*INFO* 	v1.7.2.2	2017/12/11 - 15:24:45: Save payment information for cart #11.
*INFO* 	v1.7.2.2	2017/12/11 - 15:24:45: Payment information with ID(s) 4 saved successfully for cart #11.
*INFO* 	v1.7.2.2	2017/12/18 - 15:22:06: Form data generation for cart #14 with standard sub-module.
*INFO* 	v1.7.2.2	2017/12/18 - 15:22:06: Data to be sent to payment platform : Array
(
    [signature] => eeb5c915185237155dbff1a5b7a3475b44cce721
    [vads_action_mode] => INTERACTIVE
    [vads_amount] => 4010
    [vads_available_languages] => fr
    [vads_capture_delay] => 
    [vads_contrib] => PrestaShop1.5-1.7_1.8.2/1.7.2.2/7.0.23
    [vads_ctx_mode] => TEST
    [vads_currency] => 978
    [vads_cust_address] => 39 rue des cosaques
    [vads_cust_cell_phone] => 
    [vads_cust_city] => DAMPARIS
    [vads_cust_country] => FR
    [vads_cust_email] => seguinvincent@free.fr
    [vads_cust_first_name] => vincent
    [vads_cust_id] => 3
    [vads_cust_last_name] => seguin
    [vads_cust_legal_name] => WOOPLEE
    [vads_cust_phone] => 
    [vads_cust_title] => M
    [vads_cust_zip] => 39500
    [vads_insurance_amount] => 0
    [vads_language] => fr
    [vads_nb_products] => 1
    [vads_order_id] => 14
    [vads_order_info] => Paiement par carte bancaire
    [vads_page_action] => PAYMENT
    [vads_payment_cards] => 
    [vads_payment_config] => SINGLE
    [vads_return_mode] => GET
    [vads_ship_to_city] => DAMPARIS
    [vads_ship_to_country] => FR
    [vads_ship_to_first_name] => vincent
    [vads_ship_to_last_name] => seguin
    [vads_ship_to_legal_name] => WOOPLEE
    [vads_ship_to_phone_num] => 
    [vads_ship_to_street] => 39 rue des cosaques
    [vads_ship_to_street2] => 
    [vads_ship_to_zip] => 39500
    [vads_shipping_amount] => 708
    [vads_shop_name] => Rhum Délis
    [vads_shop_url] => http://rhumdelis.com
    [vads_site_id] => 88908503
    [vads_tax_amount] => 969
    [vads_theme_config] => 
    [vads_trans_date] => 20171218142206
    [vads_trans_id] => 553269
    [vads_url_return] => http://rhumdelis.com/developpement/module/systempay/submit
    [vads_validation_mode] => 
    [vads_version] => V2
    [vads_product_label0] => 6 Verres à shooter peints à la main
    [vads_product_amount0] => 2333
    [vads_product_qty0] => 1
    [vads_product_ref0] => 21
    [vads_product_type0] => FOOD_AND_GROCERY
)

*INFO* 	v1.7.2.2	2017/12/18 - 15:24:37: User return to shop process starts for cart #14.
*WARNING* 	v1.7.2.2	2017/12/18 - 15:24:37: Payment for cart #14 has been processed by client return ! This means the IPN URL did not work.
*INFO* 	v1.7.2.2	2017/12/18 - 15:24:37: Payment accepted for cart #14. New order status is 2.
*INFO* 	v1.7.2.2	2017/12/18 - 15:24:37: Create order for cart #14.
*INFO* 	v1.7.2.2	2017/12/18 - 15:24:38: Order #8 created successfully for cart #14.
*INFO* 	v1.7.2.2	2017/12/18 - 15:24:38: Save payment information for cart #14.
*INFO* 	v1.7.2.2	2017/12/18 - 15:24:38: Payment information with ID(s) 6 saved successfully for cart #14.
