*INFO* 	v1.7.2.2	2018/05/06 - 14:10:42: Form data generation for cart #146 with standard sub-module.
*INFO* 	v1.7.2.2	2018/05/06 - 14:10:42: Data to be sent to payment platform : Array
(
    [signature] => f40f840136a05933c9327e6f906785ad40a7cf1f
    [vads_action_mode] => INTERACTIVE
    [vads_amount] => 6400
    [vads_available_languages] => fr
    [vads_capture_delay] => 
    [vads_contrib] => PrestaShop1.5-1.7_1.8.2/1.7.2.2/7.0.27
    [vads_ctx_mode] => PRODUCTION
    [vads_currency] => 978
    [vads_cust_address] => 5 rue des Vosges
    [vads_cust_cell_phone] => 
    [vads_cust_city] => BERGHOLTZ
    [vads_cust_country] => FR
    [vads_cust_email] => philippe.jeannette.bertrand@gmail.com
    [vads_cust_first_name] => Philippe
    [vads_cust_id] => 22
    [vads_cust_last_name] => Bertrand
    [vads_cust_legal_name] => 
    [vads_cust_phone] => 0389741831
    [vads_cust_title] => M
    [vads_cust_zip] => 68500
    [vads_insurance_amount] => 0
    [vads_language] => fr
    [vads_nb_products] => 2
    [vads_order_id] => 146
    [vads_order_info] => Paiement par carte bancaire
    [vads_page_action] => PAYMENT
    [vads_payment_cards] => 
    [vads_payment_config] => SINGLE
    [vads_return_mode] => GET
    [vads_ship_to_city] => BERGHOLTZ
    [vads_ship_to_country] => FR
    [vads_ship_to_first_name] => Philippe
    [vads_ship_to_last_name] => Bertrand
    [vads_ship_to_legal_name] => 
    [vads_ship_to_phone_num] => 0389741831
    [vads_ship_to_street] => 5 rue des Vosges
    [vads_ship_to_street2] => 
    [vads_ship_to_zip] => 68500
    [vads_shipping_amount] => 667
    [vads_shop_name] => Rhum Délis
    [vads_shop_url] => http://rhumdelis.com
    [vads_site_id] => 88908503
    [vads_tax_amount] => 1067
    [vads_theme_config] => 
    [vads_trans_date] => 20180506121042
    [vads_trans_id] => 510421
    [vads_url_return] => http://rhumdelis.com/module/systempay/submit
    [vads_validation_mode] => 
    [vads_version] => V2
    [vads_product_label0] => Rhum arrangé Banane
    [vads_product_amount0] => 2333
    [vads_product_qty0] => 1
    [vads_product_ref0] => 17
    [vads_product_type0] => FOOD_AND_GROCERY
    [vads_product_label1] => Rhum arrangé Vanille Bourbon de la Réunion
    [vads_product_amount1] => 2333
    [vads_product_qty1] => 1
    [vads_product_ref1] => 15
    [vads_product_type1] => FOOD_AND_GROCERY
)

*INFO* 	v1.7.2.2	2018/05/06 - 14:14:18: Server call process starts for cart #146.
*INFO* 	v1.7.2.2	2018/05/06 - 14:14:18: Payment accepted for cart #146. New order status is 2.
*INFO* 	v1.7.2.2	2018/05/06 - 14:14:18: Create order for cart #146.
*INFO* 	v1.7.2.2	2018/05/06 - 14:14:19: Order #49 created successfully for cart #146.
*INFO* 	v1.7.2.2	2018/05/06 - 14:14:19: Save payment information for cart #146.
*INFO* 	v1.7.2.2	2018/05/06 - 14:14:19: Payment information with ID(s) 39 saved successfully for cart #146.
*INFO* 	v1.7.2.2	2018/05/12 - 21:44:13: Form data generation for cart #154 with standard sub-module.
*INFO* 	v1.7.2.2	2018/05/12 - 21:44:13: Data to be sent to payment platform : Array
(
    [signature] => 1982f8d1c2bdd1dedcbb92a496f9124b13afa2b1
    [vads_action_mode] => INTERACTIVE
    [vads_amount] => 6400
    [vads_available_languages] => fr
    [vads_capture_delay] => 
    [vads_contrib] => PrestaShop1.5-1.7_1.8.2/1.7.2.2/7.0.27
    [vads_ctx_mode] => PRODUCTION
    [vads_currency] => 978
    [vads_cust_address] => 3 Rue Des Prémices
    [vads_cust_cell_phone] => 
    [vads_cust_city] => VALDAHON
    [vads_cust_country] => FR
    [vads_cust_email] => julien.tournier25@orange.fr
    [vads_cust_first_name] => Julien
    [vads_cust_id] => 25
    [vads_cust_last_name] => TOURNIER
    [vads_cust_legal_name] => 
    [vads_cust_phone] => 0625603528
    [vads_cust_title] => M
    [vads_cust_zip] => 25800
    [vads_insurance_amount] => 0
    [vads_language] => fr
    [vads_nb_products] => 2
    [vads_order_id] => 154
    [vads_order_info] => Paiement par carte bancaire
    [vads_page_action] => PAYMENT
    [vads_payment_cards] => 
    [vads_payment_config] => SINGLE
    [vads_return_mode] => GET
    [vads_ship_to_city] => VALDAHON
    [vads_ship_to_country] => FR
    [vads_ship_to_first_name] => Julien
    [vads_ship_to_last_name] => TOURNIER
    [vads_ship_to_legal_name] => 
    [vads_ship_to_phone_num] => 0625603528
    [vads_ship_to_street] => 3 Rue Des Prémices
    [vads_ship_to_street2] => 
    [vads_ship_to_zip] => 25800
    [vads_shipping_amount] => 667
    [vads_shop_name] => Rhum Délis
    [vads_shop_url] => http://rhumdelis.com
    [vads_site_id] => 88908503
    [vads_tax_amount] => 1067
    [vads_theme_config] => 
    [vads_trans_date] => 20180512194413
    [vads_trans_id] => 782535
    [vads_url_return] => http://rhumdelis.com/module/systempay/submit
    [vads_validation_mode] => 
    [vads_version] => V2
    [vads_product_label0] => Rhum arrangé Vanille Bourbon de la Réunion
    [vads_product_amount0] => 2333
    [vads_product_qty0] => 1
    [vads_product_ref0] => 15
    [vads_product_type0] => FOOD_AND_GROCERY
    [vads_product_label1] => Rhum arrangé Coco
    [vads_product_amount1] => 2333
    [vads_product_qty1] => 1
    [vads_product_ref1] => 16
    [vads_product_type1] => FOOD_AND_GROCERY
)

*INFO* 	v1.7.2.2	2018/05/12 - 21:46:04: Server call process starts for cart #154.
*INFO* 	v1.7.2.2	2018/05/12 - 21:46:04: Payment accepted for cart #154. New order status is 2.
*INFO* 	v1.7.2.2	2018/05/12 - 21:46:04: Create order for cart #154.
*INFO* 	v1.7.2.2	2018/05/12 - 21:46:05: Order #50 created successfully for cart #154.
*INFO* 	v1.7.2.2	2018/05/12 - 21:46:06: Save payment information for cart #154.
*INFO* 	v1.7.2.2	2018/05/12 - 21:46:06: Payment information with ID(s) 42 saved successfully for cart #154.
*INFO* 	v1.7.2.2	2018/05/12 - 21:46:11: User return to shop process starts for cart #154.
*INFO* 	v1.7.2.2	2018/05/12 - 21:46:11: Order already registered for cart #154.
*INFO* 	v1.7.2.2	2018/05/12 - 21:46:11: The current state for order #50 is 2.
*INFO* 	v1.7.2.2	2018/05/12 - 21:46:11: Payment success confirmed for cart #154.
*INFO* 	v1.7.2.2	2018/05/13 - 12:03:50: Form data generation for cart #156 with standard sub-module.
*INFO* 	v1.7.2.2	2018/05/13 - 12:03:50: Data to be sent to payment platform : Array
(
    [signature] => bbfc24bf912c1c7b7298a36d2216c81dd5d663e1
    [vads_action_mode] => INTERACTIVE
    [vads_amount] => 25655
    [vads_available_languages] => fr
    [vads_capture_delay] => 
    [vads_contrib] => PrestaShop1.5-1.7_1.8.2/1.7.2.2/7.0.27
    [vads_ctx_mode] => PRODUCTION
    [vads_currency] => 978
    [vads_cust_address] => 158 Village du soleil PUYRICARD
    [vads_cust_cell_phone] => 
    [vads_cust_city] => AIX-EN-PROVENCE
    [vads_cust_country] => FR
    [vads_cust_email] => monteilol@free.fr
    [vads_cust_first_name] => Sandrine
    [vads_cust_id] => 26
    [vads_cust_last_name] => MATARD
    [vads_cust_legal_name] => 
    [vads_cust_phone] => 0612352453
    [vads_cust_title] => M
    [vads_cust_zip] => 13540
    [vads_insurance_amount] => 0
    [vads_language] => fr
    [vads_nb_products] => 1
    [vads_order_id] => 156
    [vads_order_info] => Paiement par carte bancaire
    [vads_page_action] => PAYMENT
    [vads_payment_cards] => 
    [vads_payment_config] => SINGLE
    [vads_return_mode] => GET
    [vads_ship_to_city] => AIX-EN-PROVENCE
    [vads_ship_to_country] => FR
    [vads_ship_to_first_name] => Sandrine
    [vads_ship_to_last_name] => MATARD
    [vads_ship_to_legal_name] => 
    [vads_ship_to_phone_num] => 0612352453
    [vads_ship_to_street] => 158 Village du soleil
    [vads_ship_to_street2] => PUYRICARD
    [vads_ship_to_zip] => 13540
    [vads_shipping_amount] => 379
    [vads_shop_name] => Rhum Délis
    [vads_shop_url] => http://rhumdelis.com
    [vads_site_id] => 88908503
    [vads_tax_amount] => 4276
    [vads_theme_config] => 
    [vads_trans_date] => 20180513100350
    [vads_trans_id] => 434300
    [vads_url_return] => http://rhumdelis.com/module/systempay/submit
    [vads_validation_mode] => 
    [vads_version] => V2
    [vads_product_label0] => Coffret découverte de 6 mignonnettes
    [vads_product_amount0] => 1750
    [vads_product_qty0] => 12
    [vads_product_ref0] => 12
    [vads_product_type0] => FOOD_AND_GROCERY
)

*INFO* 	v1.7.2.2	2018/05/13 - 12:05:36: Server call process starts for cart #156.
*INFO* 	v1.7.2.2	2018/05/13 - 12:05:36: Payment accepted for cart #156. New order status is 2.
*INFO* 	v1.7.2.2	2018/05/13 - 12:05:36: Create order for cart #156.
*INFO* 	v1.7.2.2	2018/05/13 - 12:05:38: Order #51 created successfully for cart #156.
*INFO* 	v1.7.2.2	2018/05/13 - 12:05:38: Save payment information for cart #156.
*INFO* 	v1.7.2.2	2018/05/13 - 12:05:38: Payment information with ID(s) 44 saved successfully for cart #156.
