*INFO* 	v1.7.2.2	2019/05/06 - 17:57:18: Form data generation for cart #2524 with standard sub-module.
*INFO* 	v1.7.2.2	2019/05/06 - 17:57:18: Data to be sent to payment gateway : Array
(
    [signature] => pV7hYiHgOu2ICS++dN215643igsHnGhR7j7EOBpuBE8=
    [vads_action_mode] => INTERACTIVE
    [vads_amount] => 3830
    [vads_available_languages] => fr
    [vads_capture_delay] => 
    [vads_contrib] => PrestaShop1.5-1.7_1.10.1/1.7.2.2/7.0.33
    [vads_ctx_mode] => PRODUCTION
    [vads_currency] => 978
    [vads_cust_address] => 68 chemin Lalanne
    [vads_cust_cell_phone] => 
    [vads_cust_city] => Lahourcade
    [vads_cust_country] => FR
    [vads_cust_email] => mouse_64@hotmail.fr
    [vads_cust_first_name] => Denis
    [vads_cust_id] => 79
    [vads_cust_last_name] => Mousist-tuya
    [vads_cust_phone] => 0619431455
    [vads_cust_title] => M
    [vads_cust_zip] => 64150
    [vads_language] => fr
    [vads_nb_products] => 2
    [vads_order_id] => 2524
    [vads_order_info] => Paiement par carte bancaire
    [vads_page_action] => PAYMENT
    [vads_payment_cards] => 
    [vads_payment_config] => SINGLE
    [vads_return_mode] => GET
    [vads_ship_to_city] => Lahourcade
    [vads_ship_to_country] => FR
    [vads_ship_to_first_name] => Denis
    [vads_ship_to_last_name] => Mousist-tuya
    [vads_ship_to_phone_num] => 0619431455
    [vads_ship_to_street] => 68 chemin Lalanne
    [vads_ship_to_street2] => 
    [vads_ship_to_zip] => 64150
    [vads_shipping_amount] => 733
    [vads_shop_name] => Rhum Délis
    [vads_shop_url] => http://rhumdelis.com
    [vads_site_id] => 88908503
    [vads_tax_amount] => 639
    [vads_theme_config] => 
    [vads_trans_date] => 20190506155718
    [vads_trans_id] => 646382
    [vads_url_return] => http://rhumdelis.com/module/systempay/submit
    [vads_validation_mode] => 
    [vads_version] => V2
    [vads_product_label0] => Délis café
    [vads_product_amount0] => 2333
    [vads_product_qty0] => 1
    [vads_product_ref0] => 10
    [vads_product_type0] => FOOD_AND_GROCERY
    [vads_product_label1] => Boîte cadeau
    [vads_product_amount1] => 125
    [vads_product_qty1] => 1
    [vads_product_ref1] => 11
    [vads_product_type1] => FOOD_AND_GROCERY
)

*INFO* 	v1.7.2.2	2019/05/06 - 17:59:02: Server call process starts for cart #2524.
*INFO* 	v1.7.2.2	2019/05/06 - 17:59:02: Payment accepted for cart #2524. New order state is 2.
*INFO* 	v1.7.2.2	2019/05/06 - 17:59:02: Create order for cart #2524.
*INFO* 	v1.7.2.2	2019/05/06 - 17:59:03: Order #86 created successfully for cart #2524.
*INFO* 	v1.7.2.2	2019/05/06 - 17:59:03: Save payment information for cart #2524.
*INFO* 	v1.7.2.2	2019/05/06 - 17:59:03: Payment information with ID(s) 144 saved successfully for cart #2524.
*INFO* 	v1.7.2.2	2019/05/15 - 10:49:00: Form data generation for cart #2539 with standard sub-module.
*INFO* 	v1.7.2.2	2019/05/15 - 10:49:00: Data to be sent to payment gateway : Array
(
    [signature] => l+VQ3ucCCPAPmPex111u0rlVxv4Wy/8dxbYCDNHrYNw=
    [vads_action_mode] => INTERACTIVE
    [vads_amount] => 3400
    [vads_available_languages] => fr
    [vads_capture_delay] => 
    [vads_contrib] => PrestaShop1.5-1.7_1.10.1/1.7.2.2/7.0.33
    [vads_ctx_mode] => PRODUCTION
    [vads_currency] => 978
    [vads_cust_address] => 378 Rue de la redoute
    [vads_cust_cell_phone] => 
    [vads_cust_city] => LES ROUSSES
    [vads_cust_country] => FR
    [vads_cust_email] => i.guillaume@laposte.net
    [vads_cust_first_name] => isabelle
    [vads_cust_id] => 80
    [vads_cust_last_name] => GUILLAUME
    [vads_cust_legal_name] => Madame
    [vads_cust_phone] => 0633238973
    [vads_cust_title] => Mme
    [vads_cust_zip] => 39220
    [vads_language] => fr
    [vads_nb_products] => 1
    [vads_order_id] => 2539
    [vads_order_info] => Paiement par carte bancaire
    [vads_page_action] => PAYMENT
    [vads_payment_cards] => 
    [vads_payment_config] => SINGLE
    [vads_return_mode] => GET
    [vads_ship_to_city] => LES ROUSSES
    [vads_ship_to_country] => FR
    [vads_ship_to_first_name] => isabelle
    [vads_ship_to_last_name] => GUILLAUME
    [vads_ship_to_legal_name] => Madame
    [vads_ship_to_phone_num] => 0633238973
    [vads_ship_to_street] => 378 Rue de la redoute
    [vads_ship_to_street2] => 
    [vads_ship_to_zip] => 39220
    [vads_shipping_amount] => 500
    [vads_shop_name] => Rhum Délis
    [vads_shop_url] => http://rhumdelis.com
    [vads_site_id] => 88908503
    [vads_tax_amount] => 567
    [vads_theme_config] => 
    [vads_trans_date] => 20190515084900
    [vads_trans_id] => 389406
    [vads_url_return] => http://rhumdelis.com/module/systempay/submit
    [vads_validation_mode] => 
    [vads_version] => V2
    [vads_product_label0] => Délis Ananas Victoria
    [vads_product_amount0] => 2333
    [vads_product_qty0] => 1
    [vads_product_ref0] => 13
    [vads_product_type0] => FOOD_AND_GROCERY
)

*INFO* 	v1.7.2.2	2019/05/15 - 10:51:01: Server call process starts for cart #2539.
*INFO* 	v1.7.2.2	2019/05/15 - 10:51:01: Payment accepted for cart #2539. New order state is 2.
*INFO* 	v1.7.2.2	2019/05/15 - 10:51:01: Create order for cart #2539.
*INFO* 	v1.7.2.2	2019/05/15 - 10:51:02: Order #87 created successfully for cart #2539.
*INFO* 	v1.7.2.2	2019/05/15 - 10:51:02: Save payment information for cart #2539.
*INFO* 	v1.7.2.2	2019/05/15 - 10:51:02: Payment information with ID(s) 147 saved successfully for cart #2539.
*INFO* 	v1.7.2.2	2019/05/16 - 10:46:08: Form data generation for cart #2536 with standard sub-module.
*INFO* 	v1.7.2.2	2019/05/16 - 10:46:08: Data to be sent to payment gateway : Array
(
    [signature] => dD1Fa2iogFPREYTGE99gG3Qlv7M1ZuIC6eJQRpVn8jw=
    [vads_action_mode] => INTERACTIVE
    [vads_amount] => 7700
    [vads_available_languages] => fr
    [vads_capture_delay] => 
    [vads_contrib] => PrestaShop1.5-1.7_1.10.1/1.7.2.2/7.0.33
    [vads_ctx_mode] => PRODUCTION
    [vads_currency] => 978
    [vads_cust_address] => 15 RUE DE L'ETANG
    [vads_cust_cell_phone] => 
    [vads_cust_city] => BRIN SUR SEILLE
    [vads_cust_country] => FR
    [vads_cust_email] => berot.la@gmail.com
    [vads_cust_first_name] => laura
    [vads_cust_id] => 81
    [vads_cust_last_name] => BEROT
    [vads_cust_legal_name] => 1989
    [vads_cust_phone] => 0684304762
    [vads_cust_title] => Mme
    [vads_cust_zip] => 54280
    [vads_language] => fr
    [vads_nb_products] => 2
    [vads_order_id] => 2536
    [vads_order_info] => Paiement par carte bancaire
    [vads_page_action] => PAYMENT
    [vads_payment_cards] => 
    [vads_payment_config] => SINGLE
    [vads_return_mode] => GET
    [vads_ship_to_city] => BRIN SUR SEILLE
    [vads_ship_to_country] => FR
    [vads_ship_to_first_name] => laura
    [vads_ship_to_last_name] => BEROT
    [vads_ship_to_legal_name] => 1989
    [vads_ship_to_phone_num] => 0684304762
    [vads_ship_to_street] => 15 RUE DE L'ETANG
    [vads_ship_to_street2] => 
    [vads_ship_to_zip] => 54280
    [vads_shipping_amount] => 500
    [vads_shop_name] => Rhum Délis
    [vads_shop_url] => http://rhumdelis.com
    [vads_site_id] => 88908503
    [vads_tax_amount] => 1285
    [vads_theme_config] => 
    [vads_trans_date] => 20190516084608
    [vads_trans_id] => 387688
    [vads_url_return] => http://rhumdelis.com/module/systempay/submit
    [vads_validation_mode] => 
    [vads_version] => V2
    [vads_product_label0] => Délis Vanille Bourbon de la Réunion
    [vads_product_amount0] => 2999
    [vads_product_qty0] => 1
    [vads_product_ref0] => 15
    [vads_product_type0] => FOOD_AND_GROCERY
    [vads_product_label1] => Coffret cadeau
    [vads_product_amount1] => 2916
    [vads_product_qty1] => 1
    [vads_product_ref1] => 28
    [vads_product_type1] => FOOD_AND_GROCERY
)

*INFO* 	v1.7.2.2	2019/05/16 - 10:47:57: Server call process starts for cart #2536.
*INFO* 	v1.7.2.2	2019/05/16 - 10:47:57: Payment accepted for cart #2536. New order state is 2.
*INFO* 	v1.7.2.2	2019/05/16 - 10:47:57: Create order for cart #2536.
*INFO* 	v1.7.2.2	2019/05/16 - 10:47:57: Order #88 created successfully for cart #2536.
*INFO* 	v1.7.2.2	2019/05/16 - 10:47:57: Save payment information for cart #2536.
*INFO* 	v1.7.2.2	2019/05/16 - 10:47:57: Payment information with ID(s) 150 saved successfully for cart #2536.
*INFO* 	v1.7.2.2	2019/05/27 - 20:47:14: Form data generation for cart #2556 with standard sub-module.
*INFO* 	v1.7.2.2	2019/05/27 - 20:47:14: Data to be sent to payment gateway : Array
(
    [signature] => SkDcKsypq5ihAlIsC3ndiskmpThpJJFcTS8GiEMqXxU=
    [vads_action_mode] => INTERACTIVE
    [vads_amount] => 4180
    [vads_available_languages] => fr
    [vads_capture_delay] => 
    [vads_contrib] => PrestaShop1.5-1.7_1.10.1/1.7.2.2/7.0.33
    [vads_ctx_mode] => PRODUCTION
    [vads_currency] => 978
    [vads_cust_address] => 8 rue de l’elbe Code portail 2302
    [vads_cust_cell_phone] => 
    [vads_cust_city] => Strasbourg
    [vads_cust_country] => FR
    [vads_cust_email] => benoit-lea@hotmail.fr
    [vads_cust_first_name] => Lea
    [vads_cust_id] => 83
    [vads_cust_last_name] => Benoit
    [vads_cust_phone] => 0636910707
    [vads_cust_title] => Mme
    [vads_cust_zip] => 67100
    [vads_language] => fr
    [vads_nb_products] => 1
    [vads_order_id] => 2556
    [vads_order_info] => Paiement par carte bancaire
    [vads_page_action] => PAYMENT
    [vads_payment_cards] => 
    [vads_payment_config] => SINGLE
    [vads_return_mode] => GET
    [vads_ship_to_city] => Strasbourg
    [vads_ship_to_country] => FR
    [vads_ship_to_first_name] => Lea
    [vads_ship_to_last_name] => Benoit
    [vads_ship_to_phone_num] => 0636910707
    [vads_ship_to_street] => 8 rue de l’elbe
    [vads_ship_to_street2] => Code portail 2302
    [vads_ship_to_zip] => 67100
    [vads_shipping_amount] => 733
    [vads_shop_name] => Rhum Délis
    [vads_shop_url] => http://rhumdelis.com
    [vads_site_id] => 88908503
    [vads_tax_amount] => 698
    [vads_theme_config] => 
    [vads_trans_date] => 20190527184714
    [vads_trans_id] => 748347
    [vads_url_return] => http://rhumdelis.com/module/systempay/submit
    [vads_validation_mode] => 
    [vads_version] => V2
    [vads_product_label0] => Délis Fruit de la passion
    [vads_product_amount0] => 2749
    [vads_product_qty0] => 1
    [vads_product_ref0] => 14
    [vads_product_type0] => FOOD_AND_GROCERY
)

*INFO* 	v1.7.2.2	2019/05/27 - 20:50:35: Server call process starts for cart #2556.
*INFO* 	v1.7.2.2	2019/05/27 - 20:50:35: Payment accepted for cart #2556. New order state is 2.
*INFO* 	v1.7.2.2	2019/05/27 - 20:50:35: Create order for cart #2556.
*INFO* 	v1.7.2.2	2019/05/27 - 20:50:35: Order #89 created successfully for cart #2556.
*INFO* 	v1.7.2.2	2019/05/27 - 20:50:35: Save payment information for cart #2556.
*INFO* 	v1.7.2.2	2019/05/27 - 20:50:35: Payment information with ID(s) 152 saved successfully for cart #2556.
