*INFO* 	v1.7.2.2	2021/07/04 - 15:16:52: Form data generation for cart #5147 with standard sub-module.
*INFO* 	v1.7.2.2	2021/07/04 - 15:16:52: Data to be sent to payment gateway : Array
(
    [signature] => Vvm1AkUKmRKpXmgMn6866HczKqUZdFyztIplbNV7/Nk=
    [vads_action_mode] => INTERACTIVE
    [vads_amount] => 3599
    [vads_available_languages] => fr
    [vads_capture_delay] => 
    [vads_contrib] => PrestaShop1.5-1.7_1.10.1/1.7.2.2/7.0.33
    [vads_ctx_mode] => PRODUCTION
    [vads_currency] => 978
    [vads_cust_address] => 40 rue des flamboyants Bois de nèfle
    [vads_cust_cell_phone] => 
    [vads_cust_city] => Saint Paul
    [vads_cust_country] => FR
    [vads_cust_email] => cmathely@hotmail.fr
    [vads_cust_first_name] => Caroline
    [vads_cust_id] => 702
    [vads_cust_last_name] => Mathely Chatonnay
    [vads_cust_phone] => 0693632134
    [vads_cust_title] => Mme
    [vads_cust_zip] => 97411
    [vads_language] => fr
    [vads_nb_products] => 1
    [vads_order_id] => 5147
    [vads_order_info] => Paiement par carte bancaire
    [vads_page_action] => PAYMENT
    [vads_payment_cards] => 
    [vads_payment_config] => SINGLE
    [vads_return_mode] => GET
    [vads_ship_to_city] => Saint Paul
    [vads_ship_to_country] => FR
    [vads_ship_to_first_name] => Caroline
    [vads_ship_to_last_name] => Mathely Chatonnay
    [vads_ship_to_phone_num] => 0693632134
    [vads_ship_to_street] => 40 rue des flamboyants
    [vads_ship_to_street2] => Bois de nèfle
    [vads_ship_to_zip] => 97411
    [vads_shipping_amount] => 666
    [vads_shop_name] => Rhum Délis
    [vads_shop_url] => http://rhumdelis.com
    [vads_site_id] => 88908503
    [vads_tax_amount] => 600
    [vads_theme_config] => 
    [vads_trans_date] => 20210704131652
    [vads_trans_id] => 550126
    [vads_url_return] => https://rhumdelis.com/module/systempay/submit
    [vads_validation_mode] => 
    [vads_version] => V2
    [vads_product_label0] => 6 Verres à shooter peints à la main
    [vads_product_amount0] => 2333
    [vads_product_qty0] => 1
    [vads_product_ref0] => 21
    [vads_product_type0] => FOOD_AND_GROCERY
)

*INFO* 	v1.7.2.2	2021/07/04 - 15:20:11: Server call process starts for cart #5147.
*INFO* 	v1.7.2.2	2021/07/04 - 15:20:11: Payment accepted for cart #5147. New order state is 2.
*INFO* 	v1.7.2.2	2021/07/04 - 15:20:11: Create order for cart #5147.
*INFO* 	v1.7.2.2	2021/07/04 - 15:20:12: Order #515 created successfully for cart #5147.
*INFO* 	v1.7.2.2	2021/07/04 - 15:20:12: Save payment information for cart #5147.
*INFO* 	v1.7.2.2	2021/07/04 - 15:20:12: Payment information with ID(s) 1363 saved successfully for cart #5147.
*INFO* 	v1.7.2.2	2021/07/04 - 15:20:21: User return to shop process starts for cart #5147.
*INFO* 	v1.7.2.2	2021/07/04 - 15:20:21: Order already registered for cart #5147.
*INFO* 	v1.7.2.2	2021/07/04 - 15:20:21: The current state for order corresponding to cart #5147 is (2).
*INFO* 	v1.7.2.2	2021/07/04 - 15:20:21: No changes for order associated with cart #5147, order remains in state (2).
*INFO* 	v1.7.2.2	2021/07/04 - 15:20:21: Payment success confirmed for cart #5147.
*INFO* 	v1.7.2.2	2021/07/06 - 08:15:29: Form data generation for cart #5153 with standard sub-module.
*INFO* 	v1.7.2.2	2021/07/06 - 08:15:29: Data to be sent to payment gateway : Array
(
    [signature] => YF461B7CeQIske7wH2Ig/2Op+0jXh7ggmhUTAMCyB4M=
    [vads_action_mode] => INTERACTIVE
    [vads_amount] => 6510
    [vads_available_languages] => fr
    [vads_capture_delay] => 
    [vads_contrib] => PrestaShop1.5-1.7_1.10.1/1.7.2.2/7.0.33
    [vads_ctx_mode] => PRODUCTION
    [vads_currency] => 978
    [vads_cust_address] => 68 impasse des vignes 4 Lotissement le Millésime
    [vads_cust_cell_phone] => 
    [vads_cust_city] => GÉNISSAC
    [vads_cust_country] => FR
    [vads_cust_email] => veyrykevin@gmail.com
    [vads_cust_first_name] => Kevin
    [vads_cust_id] => 704
    [vads_cust_last_name] => Veyry
    [vads_cust_phone] => 0674341129
    [vads_cust_title] => M
    [vads_cust_zip] => 33420
    [vads_language] => fr
    [vads_nb_products] => 2
    [vads_order_id] => 5153
    [vads_order_info] => Paiement par carte bancaire
    [vads_page_action] => PAYMENT
    [vads_payment_cards] => 
    [vads_payment_config] => SINGLE
    [vads_return_mode] => GET
    [vads_ship_to_city] => GÉNISSAC
    [vads_ship_to_country] => FR
    [vads_ship_to_first_name] => Kevin
    [vads_ship_to_last_name] => Veyry
    [vads_ship_to_phone_num] => 0674341129
    [vads_ship_to_street] => 68 impasse des vignes
    [vads_ship_to_street2] => 4 Lotissement le Millésime
    [vads_ship_to_zip] => 33420
    [vads_shipping_amount] => 1175
    [vads_shop_name] => Rhum Délis
    [vads_shop_url] => http://rhumdelis.com
    [vads_site_id] => 88908503
    [vads_tax_amount] => 1085
    [vads_theme_config] => 
    [vads_trans_date] => 20210706061529
    [vads_trans_id] => 297294
    [vads_url_return] => https://rhumdelis.com/module/systempay/submit
    [vads_validation_mode] => 
    [vads_version] => V2
    [vads_product_label0] => Délis Menthe basilic
    [vads_product_amount0] => 2500
    [vads_product_qty0] => 1
    [vads_product_ref0] => 18
    [vads_product_type0] => FOOD_AND_GROCERY
    [vads_product_label1] => Verres a shooter Délis
    [vads_product_amount1] => 1750
    [vads_product_qty1] => 1
    [vads_product_ref1] => 31
    [vads_product_type1] => FOOD_AND_GROCERY
)

*INFO* 	v1.7.2.2	2021/07/06 - 08:16:08: Server call process starts for cart #5153.
*INFO* 	v1.7.2.2	2021/07/06 - 08:16:08: Payment accepted for cart #5153. New order state is 2.
*INFO* 	v1.7.2.2	2021/07/06 - 08:16:08: Create order for cart #5153.
*INFO* 	v1.7.2.2	2021/07/06 - 08:16:08: Order #516 created successfully for cart #5153.
*INFO* 	v1.7.2.2	2021/07/06 - 08:16:08: Save payment information for cart #5153.
*INFO* 	v1.7.2.2	2021/07/06 - 08:16:08: Payment information with ID(s) 1365 saved successfully for cart #5153.
*INFO* 	v1.7.2.2	2021/07/06 - 08:16:17: User return to shop process starts for cart #5153.
*INFO* 	v1.7.2.2	2021/07/06 - 08:16:17: Order already registered for cart #5153.
*INFO* 	v1.7.2.2	2021/07/06 - 08:16:17: The current state for order corresponding to cart #5153 is (2).
*INFO* 	v1.7.2.2	2021/07/06 - 08:16:17: No changes for order associated with cart #5153, order remains in state (2).
*INFO* 	v1.7.2.2	2021/07/06 - 08:16:17: Payment success confirmed for cart #5153.
*INFO* 	v1.7.2.2	2021/07/08 - 21:41:13: Form data generation for cart #5158 with standard sub-module.
*INFO* 	v1.7.2.2	2021/07/08 - 21:41:13: Data to be sent to payment gateway : Array
(
    [signature] => DgfaATP0FVV3es4Q2IPaIaQQoG2f1DsMWB9/qmpf0l8=
    [vads_action_mode] => INTERACTIVE
    [vads_amount] => 7690
    [vads_available_languages] => fr
    [vads_capture_delay] => 
    [vads_contrib] => PrestaShop1.5-1.7_1.10.1/1.7.2.2/7.0.33
    [vads_ctx_mode] => PRODUCTION
    [vads_currency] => 978
    [vads_cust_address] => 2 rue Haroun Tazieff
    [vads_cust_cell_phone] => 
    [vads_cust_city] => VENDENHEIM
    [vads_cust_country] => FR
    [vads_cust_email] => victor.epp@laposte.net
    [vads_cust_first_name] => Victor
    [vads_cust_id] => 706
    [vads_cust_last_name] => Epp
    [vads_cust_phone] => 0617209597
    [vads_cust_title] => M
    [vads_cust_zip] => 67550
    [vads_language] => fr
    [vads_nb_products] => 2
    [vads_order_id] => 5158
    [vads_order_info] => Paiement par carte bancaire
    [vads_page_action] => PAYMENT
    [vads_payment_cards] => 
    [vads_payment_config] => SINGLE
    [vads_return_mode] => GET
    [vads_ship_to_city] => VENDENHEIM
    [vads_ship_to_country] => FR
    [vads_ship_to_first_name] => Victor
    [vads_ship_to_last_name] => Epp
    [vads_ship_to_phone_num] => 0617209597
    [vads_ship_to_street] => 2 rue Haroun Tazieff
    [vads_ship_to_street2] => 
    [vads_ship_to_zip] => 67550
    [vads_shipping_amount] => 575
    [vads_shop_name] => Rhum Délis
    [vads_shop_url] => http://rhumdelis.com
    [vads_site_id] => 88908503
    [vads_tax_amount] => 1283
    [vads_theme_config] => 
    [vads_trans_date] => 20210708194113
    [vads_trans_id] => 780735
    [vads_url_return] => https://rhumdelis.com/module/systempay/submit
    [vads_validation_mode] => 
    [vads_version] => V2
    [vads_product_label0] => Délis Fruit de la passion
    [vads_product_amount0] => 2916
    [vads_product_qty0] => 1
    [vads_product_ref0] => 14
    [vads_product_type0] => FOOD_AND_GROCERY
    [vads_product_label1] => Délis Vanille Bourbon de la Réunion
    [vads_product_amount1] => 2916
    [vads_product_qty1] => 1
    [vads_product_ref1] => 15
    [vads_product_type1] => FOOD_AND_GROCERY
)

*INFO* 	v1.7.2.2	2021/07/08 - 21:44:19: Server call process starts for cart #5158.
*INFO* 	v1.7.2.2	2021/07/08 - 21:44:19: Payment accepted for cart #5158. New order state is 2.
*INFO* 	v1.7.2.2	2021/07/08 - 21:44:19: Create order for cart #5158.
*INFO* 	v1.7.2.2	2021/07/08 - 21:44:20: Order #517 created successfully for cart #5158.
*INFO* 	v1.7.2.2	2021/07/08 - 21:44:20: Save payment information for cart #5158.
*INFO* 	v1.7.2.2	2021/07/08 - 21:44:20: Payment information with ID(s) 1368 saved successfully for cart #5158.
*INFO* 	v1.7.2.2	2021/07/08 - 21:45:58: User return to shop process starts for cart #5158.
*INFO* 	v1.7.2.2	2021/07/08 - 21:45:58: Order already registered for cart #5158.
*INFO* 	v1.7.2.2	2021/07/08 - 21:45:58: The current state for order corresponding to cart #5158 is (2).
*INFO* 	v1.7.2.2	2021/07/08 - 21:45:58: No changes for order associated with cart #5158, order remains in state (2).
*INFO* 	v1.7.2.2	2021/07/08 - 21:45:58: Payment success confirmed for cart #5158.
*INFO* 	v1.7.2.2	2021/07/12 - 12:40:13: Form data generation for cart #5164 with standard sub-module.
*INFO* 	v1.7.2.2	2021/07/12 - 12:40:13: Data to be sent to payment gateway : Array
(
    [signature] => gwGrXjED3uddc/SD9KuLhuhEKRxigwdJP5NjNrP75mQ=
    [vads_action_mode] => INTERACTIVE
    [vads_amount] => 2730
    [vads_available_languages] => fr
    [vads_capture_delay] => 
    [vads_contrib] => PrestaShop1.5-1.7_1.10.1/1.7.2.2/7.0.33
    [vads_ctx_mode] => PRODUCTION
    [vads_currency] => 978
    [vads_cust_address] => 24 rue des merisiers
    [vads_cust_cell_phone] => 
    [vads_cust_city] => Blodelsheim
    [vads_cust_country] => FR
    [vads_cust_email] => kassi.petitot@gmail.com
    [vads_cust_first_name] => Kassandra
    [vads_cust_id] => 707
    [vads_cust_last_name] => PETITOT
    [vads_cust_phone] => 0767951535
    [vads_cust_title] => Mme
    [vads_cust_zip] => 68740
    [vads_language] => fr
    [vads_nb_products] => 1
    [vads_order_id] => 5164
    [vads_order_info] => Paiement par carte bancaire
    [vads_page_action] => PAYMENT
    [vads_payment_cards] => 
    [vads_payment_config] => SINGLE
    [vads_return_mode] => GET
    [vads_ship_to_city] => Blodelsheim
    [vads_ship_to_country] => FR
    [vads_ship_to_first_name] => Kassandra
    [vads_ship_to_last_name] => PETITOT
    [vads_ship_to_phone_num] => 0767951535
    [vads_ship_to_street] => 24 rue des merisiers
    [vads_ship_to_street2] => 
    [vads_ship_to_zip] => 68740
    [vads_shipping_amount] => 525
    [vads_shop_name] => Rhum Délis
    [vads_shop_url] => http://rhumdelis.com
    [vads_site_id] => 88908503
    [vads_tax_amount] => 455
    [vads_theme_config] => 
    [vads_trans_date] => 20210712104013
    [vads_trans_id] => 456133
    [vads_url_return] => https://rhumdelis.com/module/systempay/submit
    [vads_validation_mode] => 
    [vads_version] => V2
    [vads_product_label0] => Coffret découverte de 6 mignonnettes
    [vads_product_amount0] => 1750
    [vads_product_qty0] => 1
    [vads_product_ref0] => 12
    [vads_product_type0] => FOOD_AND_GROCERY
)

*INFO* 	v1.7.2.2	2021/07/12 - 12:41:41: Server call process starts for cart #5164.
*INFO* 	v1.7.2.2	2021/07/12 - 12:41:41: Payment accepted for cart #5164. New order state is 2.
*INFO* 	v1.7.2.2	2021/07/12 - 12:41:41: Create order for cart #5164.
*INFO* 	v1.7.2.2	2021/07/12 - 12:41:41: Order #518 created successfully for cart #5164.
*INFO* 	v1.7.2.2	2021/07/12 - 12:41:41: Save payment information for cart #5164.
*INFO* 	v1.7.2.2	2021/07/12 - 12:41:41: Payment information with ID(s) 1370 saved successfully for cart #5164.
*INFO* 	v1.7.2.2	2021/07/12 - 12:42:08: User return to shop process starts for cart #5164.
*INFO* 	v1.7.2.2	2021/07/12 - 12:42:08: Order already registered for cart #5164.
*INFO* 	v1.7.2.2	2021/07/12 - 12:42:08: The current state for order corresponding to cart #5164 is (2).
*INFO* 	v1.7.2.2	2021/07/12 - 12:42:08: No changes for order associated with cart #5164, order remains in state (2).
*INFO* 	v1.7.2.2	2021/07/12 - 12:42:08: Payment success confirmed for cart #5164.
*INFO* 	v1.7.2.2	2021/07/19 - 16:00:30: Form data generation for cart #5179 with standard sub-module.
*INFO* 	v1.7.2.2	2021/07/19 - 16:00:31: Data to be sent to payment gateway : Array
(
    [signature] => FfMHB82jjMBeXWC3NxMRH7IVKre7scp3H9pLdCeCD8I=
    [vads_action_mode] => INTERACTIVE
    [vads_amount] => 7410
    [vads_available_languages] => fr
    [vads_capture_delay] => 
    [vads_contrib] => PrestaShop1.5-1.7_1.10.1/1.7.2.2/7.0.33
    [vads_ctx_mode] => PRODUCTION
    [vads_currency] => 978
    [vads_cust_address] => 9 rue de la source
    [vads_cust_cell_phone] => 
    [vads_cust_city] => Orschwihr
    [vads_cust_country] => FR
    [vads_cust_email] => ebeldany@yahoo.fr
    [vads_cust_first_name] => Danielle
    [vads_cust_id] => 709
    [vads_cust_last_name] => Ebel
    [vads_cust_phone] => 0616492800
    [vads_cust_title] => M
    [vads_cust_zip] => 68500
    [vads_language] => fr
    [vads_nb_products] => 2
    [vads_order_id] => 5179
    [vads_order_info] => Paiement par carte bancaire
    [vads_page_action] => PAYMENT
    [vads_payment_cards] => 
    [vads_payment_config] => SINGLE
    [vads_return_mode] => GET
    [vads_ship_to_city] => Orschwihr
    [vads_ship_to_country] => FR
    [vads_ship_to_first_name] => Danielle
    [vads_ship_to_last_name] => Ebel
    [vads_ship_to_phone_num] => 0616492800
    [vads_ship_to_street] => 9 rue de la source
    [vads_ship_to_street2] => 
    [vads_ship_to_zip] => 68500
    [vads_shipping_amount] => 1175
    [vads_shop_name] => Rhum Délis
    [vads_shop_url] => http://rhumdelis.com
    [vads_site_id] => 88908503
    [vads_tax_amount] => 1235
    [vads_theme_config] => 
    [vads_trans_date] => 20210719140031
    [vads_trans_id] => 576310
    [vads_url_return] => https://rhumdelis.com/module/systempay/submit
    [vads_validation_mode] => 
    [vads_version] => V2
    [vads_product_label0] => Délis Coco
    [vads_product_amount0] => 2500
    [vads_product_qty0] => 1
    [vads_product_ref0] => 16
    [vads_product_type0] => FOOD_AND_GROCERY
    [vads_product_label1] => Délis cacao tonka
    [vads_product_amount1] => 2500
    [vads_product_qty1] => 1
    [vads_product_ref1] => 8
    [vads_product_type1] => FOOD_AND_GROCERY
)

*INFO* 	v1.7.2.2	2021/07/19 - 16:03:15: Server call process starts for cart #5179.
*INFO* 	v1.7.2.2	2021/07/19 - 16:03:15: Payment accepted for cart #5179. New order state is 2.
*INFO* 	v1.7.2.2	2021/07/19 - 16:03:15: Create order for cart #5179.
*INFO* 	v1.7.2.2	2021/07/19 - 16:03:16: Order #519 created successfully for cart #5179.
*INFO* 	v1.7.2.2	2021/07/19 - 16:03:16: Save payment information for cart #5179.
*INFO* 	v1.7.2.2	2021/07/19 - 16:03:16: Payment information with ID(s) 1373 saved successfully for cart #5179.
*INFO* 	v1.7.2.2	2021/07/21 - 13:36:58: Form data generation for cart #5178 with standard sub-module.
*INFO* 	v1.7.2.2	2021/07/21 - 13:36:58: Data to be sent to payment gateway : Array
(
    [signature] => p42vX2idEy2ZO5IGYFC8WoezfXHZ6jXXPBzuy6Hdbks=
    [vads_action_mode] => INTERACTIVE
    [vads_amount] => 4250
    [vads_available_languages] => fr
    [vads_capture_delay] => 
    [vads_contrib] => PrestaShop1.5-1.7_1.10.1/1.7.2.2/7.0.33
    [vads_ctx_mode] => PRODUCTION
    [vads_currency] => 978
    [vads_cust_address] => 49 RUE NOTRE DAMA DE NAZARETH
    [vads_cust_cell_phone] => 
    [vads_cust_city] => PARIS
    [vads_cust_country] => FR
    [vads_cust_email] => genceboris@gmail.com
    [vads_cust_first_name] => WILLY
    [vads_cust_id] => 708
    [vads_cust_last_name] => GENCE
    [vads_cust_phone] => 0618227354
    [vads_cust_title] => M
    [vads_cust_zip] => 75003
    [vads_language] => fr
    [vads_nb_products] => 1
    [vads_order_id] => 5178
    [vads_order_info] => Paiement par carte bancaire
    [vads_page_action] => PAYMENT
    [vads_payment_cards] => 
    [vads_payment_config] => SINGLE
    [vads_return_mode] => GET
    [vads_ship_to_city] => PARIS
    [vads_ship_to_country] => FR
    [vads_ship_to_first_name] => WILLY
    [vads_ship_to_last_name] => GENCE
    [vads_ship_to_phone_num] => 0618227354
    [vads_ship_to_street] => 49 RUE NOTRE DAMA DE NAZARETH
    [vads_ship_to_street2] => 
    [vads_ship_to_zip] => 75003
    [vads_shipping_amount] => 542
    [vads_shop_name] => Rhum Délis
    [vads_shop_url] => http://rhumdelis.com
    [vads_site_id] => 88908503
    [vads_tax_amount] => 708
    [vads_theme_config] => 
    [vads_trans_date] => 20210721113658
    [vads_trans_id] => 490181
    [vads_url_return] => https://rhumdelis.com/module/systempay/submit
    [vads_validation_mode] => 
    [vads_version] => V2
    [vads_product_label0] => Coffret cadeau
    [vads_product_amount0] => 3000
    [vads_product_qty0] => 1
    [vads_product_ref0] => 28
    [vads_product_type0] => FOOD_AND_GROCERY
)

*INFO* 	v1.7.2.2	2021/07/21 - 13:38:09: Server call process starts for cart #5178.
*INFO* 	v1.7.2.2	2021/07/21 - 13:38:09: Payment accepted for cart #5178. New order state is 2.
*INFO* 	v1.7.2.2	2021/07/21 - 13:38:09: Create order for cart #5178.
*INFO* 	v1.7.2.2	2021/07/21 - 13:38:11: Order #520 created successfully for cart #5178.
*INFO* 	v1.7.2.2	2021/07/21 - 13:38:11: Save payment information for cart #5178.
*INFO* 	v1.7.2.2	2021/07/21 - 13:38:11: Payment information with ID(s) 1377 saved successfully for cart #5178.
*INFO* 	v1.7.2.2	2021/07/21 - 13:40:01: User return to shop process starts for cart #5178.
*INFO* 	v1.7.2.2	2021/07/21 - 13:40:01: Order already registered for cart #5178.
*INFO* 	v1.7.2.2	2021/07/21 - 13:40:01: The current state for order corresponding to cart #5178 is (2).
*INFO* 	v1.7.2.2	2021/07/21 - 13:40:01: No changes for order associated with cart #5178, order remains in state (2).
*INFO* 	v1.7.2.2	2021/07/21 - 13:40:01: Payment success confirmed for cart #5178.
*INFO* 	v1.7.2.2	2021/07/22 - 20:09:55: Form data generation for cart #5188 with standard sub-module.
*INFO* 	v1.7.2.2	2021/07/22 - 20:09:55: Data to be sent to payment gateway : Array
(
    [signature] => +sEzpbbuH4z5wUONkouJNpuKYT3OGPwjkaLUruEH9VU=
    [vads_action_mode] => INTERACTIVE
    [vads_amount] => 4415
    [vads_available_languages] => fr
    [vads_capture_delay] => 
    [vads_contrib] => PrestaShop1.5-1.7_1.10.1/1.7.2.2/7.0.33
    [vads_ctx_mode] => PRODUCTION
    [vads_currency] => 978
    [vads_cust_address] => 22 rue Lavoisier
    [vads_cust_cell_phone] => 
    [vads_cust_city] => Sete
    [vads_cust_country] => FR
    [vads_cust_email] => justine.milluy@gmail.com
    [vads_cust_first_name] => Rémy
    [vads_cust_id] => 712
    [vads_cust_last_name] => CAMBON
    [vads_cust_phone] => 0650878770
    [vads_cust_title] => Mme
    [vads_cust_zip] => 34200
    [vads_language] => fr
    [vads_nb_products] => 1
    [vads_order_id] => 5188
    [vads_order_info] => Paiement par carte bancaire
    [vads_page_action] => PAYMENT
    [vads_payment_cards] => 
    [vads_payment_config] => SINGLE
    [vads_return_mode] => GET
    [vads_ship_to_city] => Sete
    [vads_ship_to_country] => FR
    [vads_ship_to_first_name] => Rémy
    [vads_ship_to_last_name] => CAMBON
    [vads_ship_to_phone_num] => 0650878770
    [vads_ship_to_street] => 22 rue Lavoisier
    [vads_ship_to_street2] => 
    [vads_ship_to_zip] => 34200
    [vads_shipping_amount] => 763
    [vads_shop_name] => Rhum Délis
    [vads_shop_url] => http://rhumdelis.com
    [vads_site_id] => 88908503
    [vads_tax_amount] => 736
    [vads_theme_config] => 
    [vads_trans_date] => 20210722180955
    [vads_trans_id] => 725951
    [vads_url_return] => https://rhumdelis.com/module/systempay/submit
    [vads_validation_mode] => 
    [vads_version] => V2
    [vads_product_label0] => Délis cacao tonka
    [vads_product_amount0] => 2916
    [vads_product_qty0] => 1
    [vads_product_ref0] => 8
    [vads_product_type0] => FOOD_AND_GROCERY
)

*INFO* 	v1.7.2.2	2021/07/22 - 20:10:42: Server call process starts for cart #5188.
*INFO* 	v1.7.2.2	2021/07/22 - 20:10:42: Payment accepted for cart #5188. New order state is 2.
*INFO* 	v1.7.2.2	2021/07/22 - 20:10:42: Create order for cart #5188.
*INFO* 	v1.7.2.2	2021/07/22 - 20:10:43: Order #522 created successfully for cart #5188.
*INFO* 	v1.7.2.2	2021/07/22 - 20:10:43: Save payment information for cart #5188.
*INFO* 	v1.7.2.2	2021/07/22 - 20:10:43: Payment information with ID(s) 1380 saved successfully for cart #5188.
*INFO* 	v1.7.2.2	2021/07/25 - 14:19:43: Form data generation for cart #5191 with standard sub-module.
*INFO* 	v1.7.2.2	2021/07/25 - 14:19:43: Data to be sent to payment gateway : Array
(
    [signature] => QYu9ZCiXurz2W+3eSgxkunPMTXp/e1p6I6laDJlPH0c=
    [vads_action_mode] => INTERACTIVE
    [vads_amount] => 6690
    [vads_available_languages] => fr
    [vads_capture_delay] => 
    [vads_contrib] => PrestaShop1.5-1.7_1.10.1/1.7.2.2/7.0.33
    [vads_ctx_mode] => PRODUCTION
    [vads_currency] => 978
    [vads_cust_address] => 1 bis rue de Paris Domaine Natura BAT C
    [vads_cust_cell_phone] => 
    [vads_cust_city] => Mennecy
    [vads_cust_country] => FR
    [vads_cust_email] => vdvformation@gmail.com
    [vads_cust_first_name] => Michaël
    [vads_cust_id] => 584
    [vads_cust_last_name] => VANDEVOORDE
    [vads_cust_phone] => 0650675055
    [vads_cust_title] => M
    [vads_cust_zip] => 91540
    [vads_language] => fr
    [vads_nb_products] => 2
    [vads_order_id] => 5191
    [vads_order_info] => Paiement par carte bancaire
    [vads_page_action] => PAYMENT
    [vads_payment_cards] => 
    [vads_payment_config] => SINGLE
    [vads_return_mode] => GET
    [vads_ship_to_city] => Mennecy
    [vads_ship_to_country] => FR
    [vads_ship_to_first_name] => Michaël
    [vads_ship_to_last_name] => VANDEVOORDE
    [vads_ship_to_phone_num] => 0650675055
    [vads_ship_to_street] => 1 bis rue de Paris
    [vads_ship_to_street2] => Domaine Natura BAT C
    [vads_ship_to_zip] => 91540
    [vads_shipping_amount] => 575
    [vads_shop_name] => Rhum Délis
    [vads_shop_url] => http://rhumdelis.com
    [vads_site_id] => 88908503
    [vads_tax_amount] => 1115
    [vads_theme_config] => 
    [vads_trans_date] => 20210725121943
    [vads_trans_id] => 515835
    [vads_url_return] => https://rhumdelis.com/module/systempay/submit
    [vads_validation_mode] => 
    [vads_version] => V2
    [vads_product_label0] => Délis Coco
    [vads_product_amount0] => 2500
    [vads_product_qty0] => 1
    [vads_product_ref0] => 16
    [vads_product_type0] => FOOD_AND_GROCERY
    [vads_product_label1] => Délis Vanille Bourbon de la Réunion
    [vads_product_amount1] => 2500
    [vads_product_qty1] => 1
    [vads_product_ref1] => 15
    [vads_product_type1] => FOOD_AND_GROCERY
)

*INFO* 	v1.7.2.2	2021/07/25 - 14:20:45: Server call process starts for cart #5191.
*INFO* 	v1.7.2.2	2021/07/25 - 14:20:45: Payment accepted for cart #5191. New order state is 2.
*INFO* 	v1.7.2.2	2021/07/25 - 14:20:45: Create order for cart #5191.
*INFO* 	v1.7.2.2	2021/07/25 - 14:20:46: Order #523 created successfully for cart #5191.
*INFO* 	v1.7.2.2	2021/07/25 - 14:20:46: Save payment information for cart #5191.
*INFO* 	v1.7.2.2	2021/07/25 - 14:20:46: Payment information with ID(s) 1383 saved successfully for cart #5191.
*INFO* 	v1.7.2.2	2021/07/25 - 14:20:59: User return to shop process starts for cart #5191.
*INFO* 	v1.7.2.2	2021/07/25 - 14:20:59: Order already registered for cart #5191.
*INFO* 	v1.7.2.2	2021/07/25 - 14:20:59: The current state for order corresponding to cart #5191 is (2).
*INFO* 	v1.7.2.2	2021/07/25 - 14:20:59: No changes for order associated with cart #5191, order remains in state (2).
*INFO* 	v1.7.2.2	2021/07/25 - 14:20:59: Payment success confirmed for cart #5191.
*INFO* 	v1.7.2.2	2021/07/26 - 19:27:01: Form data generation for cart #5183 with standard sub-module.
*INFO* 	v1.7.2.2	2021/07/26 - 19:27:01: Data to be sent to payment gateway : Array
(
    [signature] => WRB/clybYVl93ywsZW0HXYxNYnYu6BIg8UImC932lfI=
    [vads_action_mode] => INTERACTIVE
    [vads_amount] => 3015
    [vads_available_languages] => fr
    [vads_capture_delay] => 
    [vads_contrib] => PrestaShop1.5-1.7_1.10.1/1.7.2.2/7.0.33
    [vads_ctx_mode] => PRODUCTION
    [vads_currency] => 978
    [vads_cust_address] => 10 Rue De Fresillon
    [vads_cust_cell_phone] => 
    [vads_cust_city] => Barisey La Cote
    [vads_cust_country] => FR
    [vads_cust_email] => simonin.christel@gmail.com
    [vads_cust_first_name] => Christelle
    [vads_cust_id] => 710
    [vads_cust_last_name] => Simonin
    [vads_cust_phone] => 0687878128
    [vads_cust_title] => Mme
    [vads_cust_zip] => 54170
    [vads_language] => fr
    [vads_nb_products] => 1
    [vads_order_id] => 5183
    [vads_order_info] => Paiement par carte bancaire
    [vads_page_action] => PAYMENT
    [vads_payment_cards] => 
    [vads_payment_config] => SINGLE
    [vads_return_mode] => GET
    [vads_ship_to_city] => Barisey La Cote
    [vads_ship_to_country] => FR
    [vads_ship_to_first_name] => Christelle
    [vads_ship_to_last_name] => Simonin
    [vads_ship_to_phone_num] => 0687878128
    [vads_ship_to_street] => 10 Rue De Fresillon
    [vads_ship_to_street2] => 
    [vads_ship_to_zip] => 54170
    [vads_shipping_amount] => 763
    [vads_shop_name] => Rhum Délis
    [vads_shop_url] => http://rhumdelis.com
    [vads_site_id] => 88908503
    [vads_tax_amount] => 502
    [vads_theme_config] => 
    [vads_trans_date] => 20210726172701
    [vads_trans_id] => 700214
    [vads_url_return] => https://rhumdelis.com/module/systempay/submit
    [vads_validation_mode] => 
    [vads_version] => V2
    [vads_product_label0] => Verres a shooter Délis
    [vads_product_amount0] => 1750
    [vads_product_qty0] => 1
    [vads_product_ref0] => 31
    [vads_product_type0] => FOOD_AND_GROCERY
)

*INFO* 	v1.7.2.2	2021/07/26 - 19:29:13: Server call process starts for cart #5183.
*INFO* 	v1.7.2.2	2021/07/26 - 19:29:13: Payment accepted for cart #5183. New order state is 2.
*INFO* 	v1.7.2.2	2021/07/26 - 19:29:13: Create order for cart #5183.
*INFO* 	v1.7.2.2	2021/07/26 - 19:29:14: Order #524 created successfully for cart #5183.
*INFO* 	v1.7.2.2	2021/07/26 - 19:29:14: Save payment information for cart #5183.
*INFO* 	v1.7.2.2	2021/07/26 - 19:29:14: Payment information with ID(s) 1385 saved successfully for cart #5183.
*INFO* 	v1.7.2.2	2021/07/28 - 17:36:06: Form data generation for cart #5203 with standard sub-module.
*INFO* 	v1.7.2.2	2021/07/28 - 17:36:06: Data to be sent to payment gateway : Array
(
    [signature] => CyoGKZll0GtQAq4g5WVayjjd88gQLVOLipZ/S8aVCoM=
    [vads_action_mode] => INTERACTIVE
    [vads_amount] => 6690
    [vads_available_languages] => fr
    [vads_capture_delay] => 
    [vads_contrib] => PrestaShop1.5-1.7_1.10.1/1.7.2.2/7.0.33
    [vads_ctx_mode] => PRODUCTION
    [vads_currency] => 978
    [vads_cust_address] => 116 rue Georges Guynemer
    [vads_cust_cell_phone] => 
    [vads_cust_city] => PARENTIS EN BORN
    [vads_cust_country] => FR
    [vads_cust_email] => fgal@outlook.com
    [vads_cust_first_name] => fabrizio
    [vads_cust_id] => 713
    [vads_cust_last_name] => galante
    [vads_cust_phone] => +33776699429
    [vads_cust_title] => M
    [vads_cust_zip] => 40160
    [vads_language] => fr
    [vads_nb_products] => 1
    [vads_order_id] => 5203
    [vads_order_info] => Paiement par carte bancaire
    [vads_page_action] => PAYMENT
    [vads_payment_cards] => 
    [vads_payment_config] => SINGLE
    [vads_return_mode] => GET
    [vads_ship_to_city] => PARENTIS EN BORN
    [vads_ship_to_country] => FR
    [vads_ship_to_first_name] => fabrizio
    [vads_ship_to_last_name] => galante
    [vads_ship_to_phone_num] => +33776699429
    [vads_ship_to_street] => 116 rue Georges Guynemer
    [vads_ship_to_street2] => 
    [vads_ship_to_zip] => 40160
    [vads_shipping_amount] => 575
    [vads_shop_name] => Rhum Délis
    [vads_shop_url] => http://rhumdelis.com
    [vads_site_id] => 88908503
    [vads_tax_amount] => 1115
    [vads_theme_config] => 
    [vads_trans_date] => 20210728153606
    [vads_trans_id] => 633662
    [vads_url_return] => https://rhumdelis.com/module/systempay/submit
    [vads_validation_mode] => 
    [vads_version] => V2
    [vads_product_label0] => Délis Banane 150cl
    [vads_product_amount0] => 5000
    [vads_product_qty0] => 1
    [vads_product_ref0] => 47
    [vads_product_type0] => FOOD_AND_GROCERY
)

*INFO* 	v1.7.2.2	2021/07/28 - 17:39:38: Server call process starts for cart #5203.
*INFO* 	v1.7.2.2	2021/07/28 - 17:39:38: Payment accepted for cart #5203. New order state is 2.
*INFO* 	v1.7.2.2	2021/07/28 - 17:39:38: Create order for cart #5203.
*INFO* 	v1.7.2.2	2021/07/28 - 17:39:39: Order #525 created successfully for cart #5203.
*INFO* 	v1.7.2.2	2021/07/28 - 17:39:39: Save payment information for cart #5203.
*INFO* 	v1.7.2.2	2021/07/28 - 17:39:39: Payment information with ID(s) 1390 saved successfully for cart #5203.
