[2017-12-01 18:02:27] request.INFO: Matched route "admin_module_import". {"route_parameters":{"module_name":null,"_controller":"PrestaShopBundle\\Controller\\Admin\\ModuleController::importModuleAction","_route":"admin_module_import"},"request_uri":"http://rhumdelis.com/developpement/adminrhumdelis/index.php/module/import?_token=9NLzOWbR05losNhU03hHVLsenu_U7OJIB9WeypZQgKQ"} []
[2017-12-01 18:02:27] security.DEBUG: Read existing security token from the session. {"key":"_security_main"} []
[2017-12-01 18:02:27] security.DEBUG: User was reloaded from a user provider. {"username":"webmaster@wooplee.fr","provider":"PrestaShopBundle\\Security\\Admin\\EmployeeProvider"} []
[2017-12-01 18:02:28] request.CRITICAL: Uncaught PHP Exception Symfony\Component\Debug\Exception\FatalErrorException: "Compile Error: require_once(): Failed opening required '/home/rhumdeliap/www/developpement/modules/woop_dupwoopcustomtext/classes/DuplicatedCustomText.php' (include_path='/home/rhumdeliap/www/developpement/tools/htmlpurifier/standalone:/home/rhumdeliap/www/developpement/vendor/pear/pear_exception:/home/rhumdeliap/www/developpement/vendor/pear/console_getopt:/home/rhumdeliap/www/developpement/vendor/pear/pear-core-minimal/src:/home/rhumdeliap/www/developpement/vendor/pear/archive_tar:.:/usr/local/php7.0/lib/php')" at /home/rhumdeliap/www/developpement/modules/woop_dupwoopcustomtext/woop_dupwoopcustomtext.php line 34 {"exception":"[object] (Symfony\\Component\\Debug\\Exception\\FatalErrorException(code: 0): Compile Error: require_once(): Failed opening required '/home/rhumdeliap/www/developpement/modules/woop_dupwoopcustomtext/classes/DuplicatedCustomText.php' (include_path='/home/rhumdeliap/www/developpement/tools/htmlpurifier/standalone:/home/rhumdeliap/www/developpement/vendor/pear/pear_exception:/home/rhumdeliap/www/developpement/vendor/pear/console_getopt:/home/rhumdeliap/www/developpement/vendor/pear/pear-core-minimal/src:/home/rhumdeliap/www/developpement/vendor/pear/archive_tar:.:/usr/local/php7.0/lib/php') at /home/rhumdeliap/www/developpement/modules/woop_dupwoopcustomtext/woop_dupwoopcustomtext.php:34)"} []
[2017-12-01 18:02:28] security.DEBUG: Stored the security token in the session. {"key":"_security_main"} []
[2017-12-01 18:04:07] request.INFO: Matched route "admin_module_import". {"route_parameters":{"module_name":null,"_controller":"PrestaShopBundle\\Controller\\Admin\\ModuleController::importModuleAction","_route":"admin_module_import"},"request_uri":"http://rhumdelis.com/developpement/adminrhumdelis/index.php/module/import?_token=9NLzOWbR05losNhU03hHVLsenu_U7OJIB9WeypZQgKQ"} []
[2017-12-01 18:04:07] security.DEBUG: Read existing security token from the session. {"key":"_security_main"} []
[2017-12-01 18:04:07] security.DEBUG: User was reloaded from a user provider. {"username":"webmaster@wooplee.fr","provider":"PrestaShopBundle\\Security\\Admin\\EmployeeProvider"} []
[2017-12-01 18:04:07] request.CRITICAL: Uncaught PHP Exception Symfony\Component\Debug\Exception\FatalErrorException: "Compile Error: require_once(): Failed opening required '/home/rhumdeliap/www/developpement/modules/woop_dupwoopcustomtext/classes/DuplicatedCustomText.php' (include_path='/home/rhumdeliap/www/developpement/tools/htmlpurifier/standalone:/home/rhumdeliap/www/developpement/vendor/pear/pear_exception:/home/rhumdeliap/www/developpement/vendor/pear/console_getopt:/home/rhumdeliap/www/developpement/vendor/pear/pear-core-minimal/src:/home/rhumdeliap/www/developpement/vendor/pear/archive_tar:.:/usr/local/php7.0/lib/php')" at /home/rhumdeliap/www/developpement/modules/woop_dupwoopcustomtext/woop_dupwoopcustomtext.php line 34 {"exception":"[object] (Symfony\\Component\\Debug\\Exception\\FatalErrorException(code: 0): Compile Error: require_once(): Failed opening required '/home/rhumdeliap/www/developpement/modules/woop_dupwoopcustomtext/classes/DuplicatedCustomText.php' (include_path='/home/rhumdeliap/www/developpement/tools/htmlpurifier/standalone:/home/rhumdeliap/www/developpement/vendor/pear/pear_exception:/home/rhumdeliap/www/developpement/vendor/pear/console_getopt:/home/rhumdeliap/www/developpement/vendor/pear/pear-core-minimal/src:/home/rhumdeliap/www/developpement/vendor/pear/archive_tar:.:/usr/local/php7.0/lib/php') at /home/rhumdeliap/www/developpement/modules/woop_dupwoopcustomtext/woop_dupwoopcustomtext.php:34)"} []
[2017-12-01 18:04:07] security.DEBUG: Stored the security token in the session. {"key":"_security_main"} []
[2018-02-09 15:27:15] request.INFO: Matched route "api_translation_value_edit". {"route_parameters":{"_controller":"prestashop.core.api.translation.controller:translationEditAction","_route":"api_translation_value_edit"},"request_uri":"http://rhumdelis.com/adminrhumdelis/index.php/api/translation/edit?_token=Tx8esZVIZHD3MwY5WCwHJvLXjLFZIxQ-wjuaGaSTKgI"} []
[2018-02-09 15:27:15] security.DEBUG: Read existing security token from the session. {"key":"_security_main"} []
[2018-02-09 15:27:15] security.DEBUG: User was reloaded from a user provider. {"username":"webmaster@wooplee.fr","provider":"PrestaShopBundle\\Security\\Admin\\EmployeeProvider"} []
[2018-02-09 15:27:16] app.ERROR: You must specify as many arguments (%d, %s ...) as the original string. [] []
[2018-02-09 15:27:16] security.DEBUG: Stored the security token in the session. {"key":"_security_main"} []
[2018-02-09 15:28:51] request.INFO: Matched route "api_translation_value_edit". {"route_parameters":{"_controller":"prestashop.core.api.translation.controller:translationEditAction","_route":"api_translation_value_edit"},"request_uri":"http://rhumdelis.com/adminrhumdelis/index.php/api/translation/edit?_token=Tx8esZVIZHD3MwY5WCwHJvLXjLFZIxQ-wjuaGaSTKgI"} []
[2018-02-09 15:28:51] security.DEBUG: Read existing security token from the session. {"key":"_security_main"} []
[2018-02-09 15:28:51] security.DEBUG: User was reloaded from a user provider. {"username":"webmaster@wooplee.fr","provider":"PrestaShopBundle\\Security\\Admin\\EmployeeProvider"} []
[2018-02-09 15:28:51] app.ERROR: You must specify as many arguments (%d, %s ...) as the original string. [] []
[2018-02-09 15:28:51] security.DEBUG: Stored the security token in the session. {"key":"_security_main"} []
[2018-10-01 10:32:30] request.INFO: Matched route "admin_module_catalog". {"route_parameters":{"_controller":"PrestaShopBundle\\Controller\\Admin\\ModuleController::catalogAction","_legacy_controller":"AdminModules","_route":"admin_module_catalog"},"request_uri":"http://rhumdelis.com/adminrhumdelis/index.php/module/catalog?_token=7oNfnB3o3corHOJG2VKgXmRTsRp2U4qmOwB-SYdUGvA"} []
[2018-10-01 10:32:30] security.DEBUG: Read existing security token from the session. {"key":"_security_main"} []
[2018-10-01 10:32:30] security.DEBUG: User was reloaded from a user provider. {"username":"mina@rhumdelis.fr","provider":"PrestaShopBundle\\Security\\Admin\\EmployeeProvider"} []
[2018-10-01 10:32:44] app.ERROR: Data from PrestaShop Addons is invalid, and cannot fallback on cache.  {"exception":"cURL error 28: Operation timed out after 5001 milliseconds with 0 bytes received"} []
[2018-10-01 10:32:57] security.DEBUG: Stored the security token in the session. {"key":"_security_main"} []
[2021-08-24 16:18:16] request.INFO: Matched route "admin_module_catalog". {"route_parameters":{"_controller":"PrestaShopBundle\\Controller\\Admin\\ModuleController::catalogAction","_legacy_controller":"AdminModules","_route":"admin_module_catalog"},"request_uri":"https://rhumdelis.com/adminrhumdelis/index.php/module/catalog?_token=J-KD0eKtTISwQmU31hGC7O3TtUsLpT-bJtr7FOGwVQk"} []
[2021-08-24 16:18:17] security.INFO: Populated the TokenStorage with an anonymous Token. [] []
[2021-08-24 16:18:23] app.ERROR: Data from PrestaShop Addons is invalid, and cannot fallback on cache.  {"exception":"cURL error 28: Connection timed out after 5000 milliseconds"} []
[2021-08-24 16:18:26] security.DEBUG: Stored the security token in the session. {"key":"_security_main"} []
[2021-09-24 09:11:13] request.INFO: Matched route "admin_module_catalog". {"route_parameters":{"_controller":"PrestaShopBundle\\Controller\\Admin\\ModuleController::catalogAction","_legacy_controller":"AdminModules","_route":"admin_module_catalog"},"request_uri":"https://rhumdelis.com/adminrhumdelis/index.php/module/catalog?_token=KSQbDOO-KNulwGreN2uy47jzUbzDSR8IgjktRkVyr_E"} []
[2021-09-24 09:11:14] security.INFO: Populated the TokenStorage with an anonymous Token. [] []
[2021-09-24 09:11:18] app.ERROR: Data from PrestaShop Addons is invalid, and cannot fallback on cache.  {"exception":"Server error response [url] https://api-addons.prestashop.com?format=json&iso_lang=fr&iso_code=FR&version=1.7.2.2&method=listing&action=must-have [status code] 500 [reason phrase] Internal Server Error"} []
[2021-09-24 09:11:29] security.DEBUG: Stored the security token in the session. {"key":"_security_main"} []
[2021-09-24 09:13:40] request.INFO: Matched route "admin_module_catalog". {"route_parameters":{"_controller":"PrestaShopBundle\\Controller\\Admin\\ModuleController::catalogAction","_legacy_controller":"AdminModules","_route":"admin_module_catalog"},"request_uri":"https://rhumdelis.com/adminrhumdelis/index.php/module/catalog?_token=KSQbDOO-KNulwGreN2uy47jzUbzDSR8IgjktRkVyr_E"} []
[2021-09-24 09:13:41] security.DEBUG: Read existing security token from the session. {"key":"_security_main"} []
[2021-09-24 09:13:41] security.DEBUG: User was reloaded from a user provider. {"username":"webmaster@wooplee.fr","provider":"PrestaShopBundle\\Security\\Admin\\EmployeeProvider"} []
[2021-09-24 09:13:42] app.ERROR: Data from PrestaShop Addons is invalid, and cannot fallback on cache.  {"exception":"Server error response [url] https://api-addons.prestashop.com?format=json&iso_lang=fr&iso_code=FR&version=1.7.2.2&method=listing&action=must-have [status code] 500 [reason phrase] Internal Server Error"} []
[2021-09-24 09:13:45] security.DEBUG: Stored the security token in the session. {"key":"_security_main"} []
[2021-09-24 09:13:46] request.INFO: Matched route "admin_module_catalog_refresh". {"route_parameters":{"category":null,"keyword":null,"_controller":"PrestaShopBundle\\Controller\\Admin\\ModuleController::refreshCatalogAction","_legacy_controller":"AdminModules","_route":"admin_module_catalog_refresh"},"request_uri":"https://rhumdelis.com/adminrhumdelis/index.php/module/catalog/refresh?_token=KSQbDOO-KNulwGreN2uy47jzUbzDSR8IgjktRkVyr_E"} []
[2021-09-24 09:13:46] security.DEBUG: Read existing security token from the session. {"key":"_security_main"} []
[2021-09-24 09:13:46] security.DEBUG: User was reloaded from a user provider. {"username":"webmaster@wooplee.fr","provider":"PrestaShopBundle\\Security\\Admin\\EmployeeProvider"} []
[2021-09-24 09:13:46] app.ERROR: Data from PrestaShop Addons is invalid, and cannot fallback on cache.  {"exception":"Server error response [url] https://api-addons.prestashop.com?format=json&iso_lang=fr&iso_code=FR&version=1.7.2.2&method=listing&action=must-have [status code] 500 [reason phrase] Internal Server Error"} []
[2021-09-24 09:13:49] security.DEBUG: Stored the security token in the session. {"key":"_security_main"} []
[2021-09-24 09:14:10] request.INFO: Matched route "admin_module_manage". {"route_parameters":{"category":null,"keyword":null,"_controller":"PrestaShopBundle\\Controller\\Admin\\ModuleController::manageAction","_legacy_controller":"AdminModules","_route":"admin_module_manage"},"request_uri":"https://rhumdelis.com/adminrhumdelis/index.php/module/manage?_token=KSQbDOO-KNulwGreN2uy47jzUbzDSR8IgjktRkVyr_E"} []
[2021-09-24 09:14:10] security.DEBUG: Read existing security token from the session. {"key":"_security_main"} []
[2021-09-24 09:14:10] security.DEBUG: User was reloaded from a user provider. {"username":"webmaster@wooplee.fr","provider":"PrestaShopBundle\\Security\\Admin\\EmployeeProvider"} []
[2021-09-24 09:14:10] app.ERROR: Data from PrestaShop Addons is invalid, and cannot fallback on cache.  {"exception":"Server error response [url] https://api-addons.prestashop.com?format=json&iso_lang=fr&iso_code=FR&version=1.7.2.2&method=listing&action=must-have [status code] 500 [reason phrase] Internal Server Error"} []
[2021-09-24 09:14:17] security.DEBUG: Stored the security token in the session. {"key":"_security_main"} []
[2021-09-24 09:14:31] request.INFO: Matched route "admin_module_configure_action". {"route_parameters":{"_controller":"PrestaShopBundle\\Controller\\Admin\\ModuleController::configureModuleAction","_legacy_controller":"AdminModules","module_name":"woop_dupwoopcustomtext","_route":"admin_module_configure_action"},"request_uri":"https://rhumdelis.com/adminrhumdelis/index.php/module/manage/action/configure/woop_dupwoopcustomtext?_token=KSQbDOO-KNulwGreN2uy47jzUbzDSR8IgjktRkVyr_E"} []
[2021-09-24 09:14:31] security.DEBUG: Read existing security token from the session. {"key":"_security_main"} []
[2021-09-24 09:14:31] security.DEBUG: User was reloaded from a user provider. {"username":"webmaster@wooplee.fr","provider":"PrestaShopBundle\\Security\\Admin\\EmployeeProvider"} []
[2021-09-24 09:14:32] app.ERROR: Data from PrestaShop Addons is invalid, and cannot fallback on cache.  {"exception":"Server error response [url] https://api-addons.prestashop.com?format=json&iso_lang=fr&iso_code=FR&version=1.7.2.2&method=listing&action=must-have [status code] 500 [reason phrase] Internal Server Error"} []
[2021-09-24 09:14:33] security.DEBUG: Stored the security token in the session. {"key":"_security_main"} []
[2021-09-24 09:14:38] request.INFO: Matched route "admin_module_manage". {"route_parameters":{"category":null,"keyword":null,"_controller":"PrestaShopBundle\\Controller\\Admin\\ModuleController::manageAction","_legacy_controller":"AdminModules","_route":"admin_module_manage"},"request_uri":"https://rhumdelis.com/adminrhumdelis/index.php/module/manage?_token=KSQbDOO-KNulwGreN2uy47jzUbzDSR8IgjktRkVyr_E"} []
[2021-09-24 09:14:38] security.DEBUG: Read existing security token from the session. {"key":"_security_main"} []
[2021-09-24 09:14:38] security.DEBUG: User was reloaded from a user provider. {"username":"webmaster@wooplee.fr","provider":"PrestaShopBundle\\Security\\Admin\\EmployeeProvider"} []
[2021-09-24 09:14:38] app.ERROR: Data from PrestaShop Addons is invalid, and cannot fallback on cache.  {"exception":"Server error response [url] https://api-addons.prestashop.com?format=json&iso_lang=fr&iso_code=FR&version=1.7.2.2&method=listing&action=must-have [status code] 500 [reason phrase] Internal Server Error"} []
[2021-09-24 09:14:42] security.DEBUG: Stored the security token in the session. {"key":"_security_main"} []
[2021-09-24 09:14:44] request.INFO: Matched route "admin_module_configure_action". {"route_parameters":{"_controller":"PrestaShopBundle\\Controller\\Admin\\ModuleController::configureModuleAction","_legacy_controller":"AdminModules","module_name":"ptm_duplicatedcustomtext","_route":"admin_module_configure_action"},"request_uri":"https://rhumdelis.com/adminrhumdelis/index.php/module/manage/action/configure/ptm_duplicatedcustomtext?_token=KSQbDOO-KNulwGreN2uy47jzUbzDSR8IgjktRkVyr_E"} []
[2021-09-24 09:14:44] security.DEBUG: Read existing security token from the session. {"key":"_security_main"} []
[2021-09-24 09:14:44] security.DEBUG: User was reloaded from a user provider. {"username":"webmaster@wooplee.fr","provider":"PrestaShopBundle\\Security\\Admin\\EmployeeProvider"} []
[2021-09-24 09:14:44] app.ERROR: Data from PrestaShop Addons is invalid, and cannot fallback on cache.  {"exception":"Server error response [url] https://api-addons.prestashop.com?format=json&iso_lang=fr&iso_code=FR&version=1.7.2.2&method=listing&action=must-have [status code] 500 [reason phrase] Internal Server Error"} []
[2021-09-24 09:14:44] security.DEBUG: Stored the security token in the session. {"key":"_security_main"} []
[2021-09-24 09:14:52] request.INFO: Matched route "admin_module_manage". {"route_parameters":{"category":null,"keyword":null,"_controller":"PrestaShopBundle\\Controller\\Admin\\ModuleController::manageAction","_legacy_controller":"AdminModules","_route":"admin_module_manage"},"request_uri":"https://rhumdelis.com/adminrhumdelis/index.php/module/manage?_token=KSQbDOO-KNulwGreN2uy47jzUbzDSR8IgjktRkVyr_E"} []
[2021-09-24 09:14:52] security.DEBUG: Read existing security token from the session. {"key":"_security_main"} []
[2021-09-24 09:14:52] security.DEBUG: User was reloaded from a user provider. {"username":"webmaster@wooplee.fr","provider":"PrestaShopBundle\\Security\\Admin\\EmployeeProvider"} []
[2021-09-24 09:14:52] app.ERROR: Data from PrestaShop Addons is invalid, and cannot fallback on cache.  {"exception":"Server error response [url] https://api-addons.prestashop.com?format=json&iso_lang=fr&iso_code=FR&version=1.7.2.2&method=listing&action=must-have [status code] 500 [reason phrase] Internal Server Error"} []
[2021-09-24 09:14:58] security.DEBUG: Stored the security token in the session. {"key":"_security_main"} []
[2021-09-24 09:15:20] request.INFO: Matched route "admin_module_configure_action". {"route_parameters":{"_controller":"PrestaShopBundle\\Controller\\Admin\\ModuleController::configureModuleAction","_legacy_controller":"AdminModules","module_name":"ps_customtext","_route":"admin_module_configure_action"},"request_uri":"https://rhumdelis.com/adminrhumdelis/index.php/module/manage/action/configure/ps_customtext?_token=KSQbDOO-KNulwGreN2uy47jzUbzDSR8IgjktRkVyr_E"} []
[2021-09-24 09:15:20] security.DEBUG: Read existing security token from the session. {"key":"_security_main"} []
[2021-09-24 09:15:20] security.DEBUG: User was reloaded from a user provider. {"username":"webmaster@wooplee.fr","provider":"PrestaShopBundle\\Security\\Admin\\EmployeeProvider"} []
[2021-09-24 09:15:20] app.ERROR: Data from PrestaShop Addons is invalid, and cannot fallback on cache.  {"exception":"Server error response [url] https://api-addons.prestashop.com?format=json&iso_lang=fr&iso_code=FR&version=1.7.2.2&method=listing&action=must-have [status code] 500 [reason phrase] Internal Server Error"} []
[2021-09-24 09:15:20] security.DEBUG: Stored the security token in the session. {"key":"_security_main"} []
[2021-09-24 09:15:28] request.INFO: Matched route "admin_module_manage". {"route_parameters":{"category":null,"keyword":null,"_controller":"PrestaShopBundle\\Controller\\Admin\\ModuleController::manageAction","_legacy_controller":"AdminModules","_route":"admin_module_manage"},"request_uri":"https://rhumdelis.com/adminrhumdelis/index.php/module/manage?_token=KSQbDOO-KNulwGreN2uy47jzUbzDSR8IgjktRkVyr_E"} []
[2021-09-24 09:15:28] security.DEBUG: Read existing security token from the session. {"key":"_security_main"} []
[2021-09-24 09:15:28] security.DEBUG: User was reloaded from a user provider. {"username":"webmaster@wooplee.fr","provider":"PrestaShopBundle\\Security\\Admin\\EmployeeProvider"} []
[2021-09-24 09:15:28] app.ERROR: Data from PrestaShop Addons is invalid, and cannot fallback on cache.  {"exception":"Server error response [url] https://api-addons.prestashop.com?format=json&iso_lang=fr&iso_code=FR&version=1.7.2.2&method=listing&action=must-have [status code] 500 [reason phrase] Internal Server Error"} []
[2021-09-24 09:15:33] security.DEBUG: Stored the security token in the session. {"key":"_security_main"} []
[2021-09-24 09:15:58] request.INFO: Matched route "admin_module_configure_action". {"route_parameters":{"_controller":"PrestaShopBundle\\Controller\\Admin\\ModuleController::configureModuleAction","_legacy_controller":"AdminModules","module_name":"ps_emailsubscription","_route":"admin_module_configure_action"},"request_uri":"https://rhumdelis.com/adminrhumdelis/index.php/module/manage/action/configure/ps_emailsubscription?_token=KSQbDOO-KNulwGreN2uy47jzUbzDSR8IgjktRkVyr_E"} []
[2021-09-24 09:15:58] security.DEBUG: Read existing security token from the session. {"key":"_security_main"} []
[2021-09-24 09:15:58] security.DEBUG: User was reloaded from a user provider. {"username":"webmaster@wooplee.fr","provider":"PrestaShopBundle\\Security\\Admin\\EmployeeProvider"} []
[2021-09-24 09:15:58] app.ERROR: Data from PrestaShop Addons is invalid, and cannot fallback on cache.  {"exception":"Server error response [url] https://api-addons.prestashop.com?format=json&iso_lang=fr&iso_code=FR&version=1.7.2.2&method=listing&action=must-have [status code] 500 [reason phrase] Internal Server Error"} []
[2021-09-24 09:15:59] security.DEBUG: Stored the security token in the session. {"key":"_security_main"} []
[2021-09-24 09:16:12] request.INFO: Matched route "admin_module_catalog". {"route_parameters":{"_controller":"PrestaShopBundle\\Controller\\Admin\\ModuleController::catalogAction","_legacy_controller":"AdminModules","_route":"admin_module_catalog"},"request_uri":"https://rhumdelis.com/adminrhumdelis/index.php/module/catalog?_token=KSQbDOO-KNulwGreN2uy47jzUbzDSR8IgjktRkVyr_E"} []
[2021-09-24 09:16:12] security.DEBUG: Read existing security token from the session. {"key":"_security_main"} []
[2021-09-24 09:16:12] security.DEBUG: User was reloaded from a user provider. {"username":"webmaster@wooplee.fr","provider":"PrestaShopBundle\\Security\\Admin\\EmployeeProvider"} []
[2021-09-24 09:16:12] app.ERROR: Data from PrestaShop Addons is invalid, and cannot fallback on cache.  {"exception":"Server error response [url] https://api-addons.prestashop.com?format=json&iso_lang=fr&iso_code=FR&version=1.7.2.2&method=listing&action=must-have [status code] 500 [reason phrase] Internal Server Error"} []
[2021-09-24 09:16:16] security.DEBUG: Stored the security token in the session. {"key":"_security_main"} []
[2021-09-24 09:16:16] request.INFO: Matched route "admin_module_catalog_refresh". {"route_parameters":{"category":null,"keyword":null,"_controller":"PrestaShopBundle\\Controller\\Admin\\ModuleController::refreshCatalogAction","_legacy_controller":"AdminModules","_route":"admin_module_catalog_refresh"},"request_uri":"https://rhumdelis.com/adminrhumdelis/index.php/module/catalog/refresh?_token=KSQbDOO-KNulwGreN2uy47jzUbzDSR8IgjktRkVyr_E"} []
[2021-09-24 09:16:16] security.DEBUG: Read existing security token from the session. {"key":"_security_main"} []
[2021-09-24 09:16:16] security.DEBUG: User was reloaded from a user provider. {"username":"webmaster@wooplee.fr","provider":"PrestaShopBundle\\Security\\Admin\\EmployeeProvider"} []
[2021-09-24 09:16:16] app.ERROR: Data from PrestaShop Addons is invalid, and cannot fallback on cache.  {"exception":"Server error response [url] https://api-addons.prestashop.com?format=json&iso_lang=fr&iso_code=FR&version=1.7.2.2&method=listing&action=must-have [status code] 500 [reason phrase] Internal Server Error"} []
[2021-09-24 09:16:17] security.DEBUG: Stored the security token in the session. {"key":"_security_main"} []
